srun: Job step aborted: Waiting up to 32 seconds for job step to finish.
slurmstepd: error: *** JOB 25286 ON gn71 CANCELLED AT 2026-02-03T19:07:32 ***
slurmstepd: error: *** STEP 25286.0 ON gn71 CANCELLED AT 2026-02-03T19:07:32 ***
